\BOOKMARK [0][-]{chapter.1}{\376\377\0001\000\040\000D\000a\000t\000a\000\040\000S\000t\000r\000u\000c\000t\000u\000r\000e\000\040\000I\000n\000d\000e\000x}{}% 1
\BOOKMARK [1][-]{section.1.1}{\376\377\0001\000.\0001\000\040\000D\000a\000t\000a\000\040\000S\000t\000r\000u\000c\000t\000u\000r\000e\000s}{chapter.1}% 2
\BOOKMARK [0][-]{chapter.2}{\376\377\0002\000\040\000F\000i\000l\000e\000\040\000I\000n\000d\000e\000x}{}% 3
\BOOKMARK [1][-]{section.2.1}{\376\377\0002\000.\0001\000\040\000F\000i\000l\000e\000\040\000L\000i\000s\000t}{chapter.2}% 4
\BOOKMARK [0][-]{chapter.3}{\376\377\0003\000\040\000D\000a\000t\000a\000\040\000S\000t\000r\000u\000c\000t\000u\000r\000e\000\040\000D\000o\000c\000u\000m\000e\000n\000t\000a\000t\000i\000o\000n}{}% 5
\BOOKMARK [1][-]{section.3.1}{\376\377\0003\000.\0001\000\040\000C\000S\000P\000\137\000A\000p\000p\000\137\000S\000u\000b\000\137\000t\000\040\000S\000t\000r\000u\000c\000t\000\040\000R\000e\000f\000e\000r\000e\000n\000c\000e}{chapter.3}% 6
\BOOKMARK [2][-]{subsection.3.1.1}{\376\377\0003\000.\0001\000.\0001\000\040\000D\000e\000t\000a\000i\000l\000e\000d\000\040\000D\000e\000s\000c\000r\000i\000p\000t\000i\000o\000n}{section.3.1}% 7
\BOOKMARK [2][-]{subsection.3.1.2}{\376\377\0003\000.\0001\000.\0002\000\040\000F\000i\000e\000l\000d\000\040\000D\000o\000c\000u\000m\000e\000n\000t\000a\000t\000i\000o\000n}{section.3.1}% 8
\BOOKMARK [3][-]{subsubsection.3.1.2.1}{\376\377\0003\000.\0001\000.\0002\000.\0001\000\040\000P\000r\000i\000o\000r\000i\000t\000y}{subsection.3.1.2}% 9
\BOOKMARK [3][-]{subsubsection.3.1.2.2}{\376\377\0003\000.\0001\000.\0002\000.\0002\000\040\000S\000t\000r\000e\000a\000m}{subsection.3.1.2}% 10
\BOOKMARK [1][-]{section.3.2}{\376\377\0003\000.\0002\000\040\000C\000S\000P\000\137\000A\000p\000p\000\137\000S\000u\000b\000T\000a\000b\000l\000e\000\137\000t\000\040\000S\000t\000r\000u\000c\000t\000\040\000R\000e\000f\000e\000r\000e\000n\000c\000e}{chapter.3}% 11
\BOOKMARK [2][-]{subsection.3.2.1}{\376\377\0003\000.\0002\000.\0001\000\040\000D\000e\000t\000a\000i\000l\000e\000d\000\040\000D\000e\000s\000c\000r\000i\000p\000t\000i\000o\000n}{section.3.2}% 12
\BOOKMARK [2][-]{subsection.3.2.2}{\376\377\0003\000.\0002\000.\0002\000\040\000F\000i\000e\000l\000d\000\040\000D\000o\000c\000u\000m\000e\000n\000t\000a\000t\000i\000o\000n}{section.3.2}% 13
\BOOKMARK [3][-]{subsubsection.3.2.2.1}{\376\377\0003\000.\0002\000.\0002\000.\0001\000\040\000S\000u\000b\000s}{subsection.3.2.2}% 14
\BOOKMARK [1][-]{section.3.3}{\376\377\0003\000.\0003\000\040\000C\000S\000P\000\137\000A\000p\000p\000D\000a\000t\000a\000\137\000t\000\040\000S\000t\000r\000u\000c\000t\000\040\000R\000e\000f\000e\000r\000e\000n\000c\000e}{chapter.3}% 15
\BOOKMARK [2][-]{subsection.3.3.1}{\376\377\0003\000.\0003\000.\0001\000\040\000D\000e\000t\000a\000i\000l\000e\000d\000\040\000D\000e\000s\000c\000r\000i\000p\000t\000i\000o\000n}{section.3.3}% 16
\BOOKMARK [2][-]{subsection.3.3.2}{\376\377\0003\000.\0003\000.\0002\000\040\000F\000i\000e\000l\000d\000\040\000D\000o\000c\000u\000m\000e\000n\000t\000a\000t\000i\000o\000n}{section.3.3}% 17
\BOOKMARK [3][-]{subsubsection.3.3.2.1}{\376\377\0003\000.\0003\000.\0002\000.\0001\000\040\000C\000m\000d\000C\000o\000u\000n\000t\000e\000r}{subsection.3.3.2}% 18
\BOOKMARK [3][-]{subsubsection.3.3.2.2}{\376\377\0003\000.\0003\000.\0002\000.\0002\000\040\000C\000m\000d\000P\000i\000p\000e}{subsection.3.3.2}% 19
\BOOKMARK [3][-]{subsubsection.3.3.2.3}{\376\377\0003\000.\0003\000.\0002\000.\0003\000\040\000C\000m\000d\000P\000i\000p\000e\000D\000e\000p\000t\000h}{subsection.3.3.2}% 20
\BOOKMARK [3][-]{subsubsection.3.3.2.4}{\376\377\0003\000.\0003\000.\0002\000.\0004\000\040\000C\000m\000d\000P\000i\000p\000e\000N\000a\000m\000e}{subsection.3.3.2}% 21
\BOOKMARK [3][-]{subsubsection.3.3.2.5}{\376\377\0003\000.\0003\000.\0002\000.\0005\000\040\000C\000m\000d\000P\000t\000r}{subsection.3.3.2}% 22
\BOOKMARK [3][-]{subsubsection.3.3.2.6}{\376\377\0003\000.\0003\000.\0002\000.\0006\000\040\000E\000r\000r\000C\000o\000u\000n\000t\000e\000r}{subsection.3.3.2}% 23
\BOOKMARK [3][-]{subsubsection.3.3.2.7}{\376\377\0003\000.\0003\000.\0002\000.\0007\000\040\000E\000v\000e\000n\000t\000F\000i\000l\000t\000e\000r\000s}{subsection.3.3.2}% 24
\BOOKMARK [3][-]{subsubsection.3.3.2.8}{\376\377\0003\000.\0003\000.\0002\000.\0008\000\040\000H\000k\000B\000u\000f}{subsection.3.3.2}% 25
\BOOKMARK [3][-]{subsubsection.3.3.2.9}{\376\377\0003\000.\0003\000.\0002\000.\0009\000\040\000R\000u\000n\000S\000t\000a\000t\000u\000s}{subsection.3.3.2}% 26
\BOOKMARK [3][-]{subsubsection.3.3.2.10}{\376\377\0003\000.\0003\000.\0002\000.\0001\0000\000\040\000T\000l\000m\000P\000i\000p\000e}{subsection.3.3.2}% 27
\BOOKMARK [3][-]{subsubsection.3.3.2.11}{\376\377\0003\000.\0003\000.\0002\000.\0001\0001\000\040\000T\000l\000m\000P\000i\000p\000e\000D\000e\000p\000t\000h}{subsection.3.3.2}% 28
\BOOKMARK [3][-]{subsubsection.3.3.2.12}{\376\377\0003\000.\0003\000.\0002\000.\0001\0002\000\040\000T\000l\000m\000P\000i\000p\000e\000N\000a\000m\000e}{subsection.3.3.2}% 29
\BOOKMARK [3][-]{subsubsection.3.3.2.13}{\376\377\0003\000.\0003\000.\0002\000.\0001\0003\000\040\000T\000l\000m\000P\000t\000r}{subsection.3.3.2}% 30
\BOOKMARK [1][-]{section.3.4}{\376\377\0003\000.\0004\000\040\000C\000S\000P\000\137\000H\000k\000B\000u\000f\000f\000e\000r\000\137\000t\000\040\000U\000n\000i\000o\000n\000\040\000R\000e\000f\000e\000r\000e\000n\000c\000e}{chapter.3}% 31
\BOOKMARK [2][-]{subsection.3.4.1}{\376\377\0003\000.\0004\000.\0001\000\040\000D\000e\000t\000a\000i\000l\000e\000d\000\040\000D\000e\000s\000c\000r\000i\000p\000t\000i\000o\000n}{section.3.4}% 32
\BOOKMARK [2][-]{subsection.3.4.2}{\376\377\0003\000.\0004\000.\0002\000\040\000F\000i\000e\000l\000d\000\040\000D\000o\000c\000u\000m\000e\000n\000t\000a\000t\000i\000o\000n}{section.3.4}% 33
\BOOKMARK [3][-]{subsubsection.3.4.2.1}{\376\377\0003\000.\0004\000.\0002\000.\0001\000\040\000H\000k\000T\000l\000m}{subsection.3.4.2}% 34
\BOOKMARK [3][-]{subsubsection.3.4.2.2}{\376\377\0003\000.\0004\000.\0002\000.\0002\000\040\000M\000s\000g\000H\000d\000r}{subsection.3.4.2}% 35
\BOOKMARK [1][-]{section.3.5}{\376\377\0003\000.\0005\000\040\000C\000S\000P\000\137\000H\000k\000T\000l\000m\000\137\000P\000a\000y\000l\000o\000a\000d\000\137\000t\000\040\000S\000t\000r\000u\000c\000t\000\040\000R\000e\000f\000e\000r\000e\000n\000c\000e}{chapter.3}% 36
\BOOKMARK [2][-]{subsection.3.5.1}{\376\377\0003\000.\0005\000.\0001\000\040\000D\000e\000t\000a\000i\000l\000e\000d\000\040\000D\000e\000s\000c\000r\000i\000p\000t\000i\000o\000n}{section.3.5}% 37
\BOOKMARK [2][-]{subsection.3.5.2}{\376\377\0003\000.\0005\000.\0002\000\040\000F\000i\000e\000l\000d\000\040\000D\000o\000c\000u\000m\000e\000n\000t\000a\000t\000i\000o\000n}{section.3.5}% 38
\BOOKMARK [3][-]{subsubsection.3.5.2.1}{\376\377\0003\000.\0005\000.\0002\000.\0001\000\040\000C\000o\000m\000m\000a\000n\000d\000C\000o\000u\000n\000t\000e\000r}{subsection.3.5.2}% 39
\BOOKMARK [3][-]{subsubsection.3.5.2.2}{\376\377\0003\000.\0005\000.\0002\000.\0002\000\040\000C\000o\000m\000m\000a\000n\000d\000E\000r\000r\000o\000r\000C\000o\000u\000n\000t\000e\000r}{subsection.3.5.2}% 40
\BOOKMARK [3][-]{subsubsection.3.5.2.3}{\376\377\0003\000.\0005\000.\0002\000.\0003\000\040\000s\000p\000a\000r\000e}{subsection.3.5.2}% 41
\BOOKMARK [1][-]{section.3.6}{\376\377\0003\000.\0006\000\040\000C\000S\000P\000\137\000H\000k\000T\000l\000m\000\137\000t\000\040\000S\000t\000r\000u\000c\000t\000\040\000R\000e\000f\000e\000r\000e\000n\000c\000e}{chapter.3}% 42
\BOOKMARK [2][-]{subsection.3.6.1}{\376\377\0003\000.\0006\000.\0001\000\040\000D\000e\000t\000a\000i\000l\000e\000d\000\040\000D\000e\000s\000c\000r\000i\000p\000t\000i\000o\000n}{section.3.6}% 43
\BOOKMARK [1][-]{section.3.7}{\376\377\0003\000.\0007\000\040\000C\000S\000P\000\137\000N\000o\000A\000r\000g\000s\000C\000m\000d\000\137\000t\000\040\000S\000t\000r\000u\000c\000t\000\040\000R\000e\000f\000e\000r\000e\000n\000c\000e}{chapter.3}% 44
\BOOKMARK [2][-]{subsection.3.7.1}{\376\377\0003\000.\0007\000.\0001\000\040\000D\000e\000t\000a\000i\000l\000e\000d\000\040\000D\000e\000s\000c\000r\000i\000p\000t\000i\000o\000n}{section.3.7}% 45
\BOOKMARK [2][-]{subsection.3.7.2}{\376\377\0003\000.\0007\000.\0002\000\040\000F\000i\000e\000l\000d\000\040\000D\000o\000c\000u\000m\000e\000n\000t\000a\000t\000i\000o\000n}{section.3.7}% 46
\BOOKMARK [3][-]{subsubsection.3.7.2.1}{\376\377\0003\000.\0007\000.\0002\000.\0001\000\040\000C\000m\000d\000H\000e\000a\000d\000e\000r}{subsection.3.7.2}% 47
\BOOKMARK [1][-]{section.3.8}{\376\377\0003\000.\0008\000\040\000O\000S\000\137\000P\000A\000C\000K\000\040\000S\000t\000r\000u\000c\000t\000\040\000R\000e\000f\000e\000r\000e\000n\000c\000e}{chapter.3}% 48
\BOOKMARK [2][-]{subsection.3.8.1}{\376\377\0003\000.\0008\000.\0001\000\040\000F\000i\000e\000l\000d\000\040\000D\000o\000c\000u\000m\000e\000n\000t\000a\000t\000i\000o\000n}{section.3.8}% 49
\BOOKMARK [3][-]{subsubsection.3.8.1.1}{\376\377\0003\000.\0008\000.\0001\000.\0001\000\040\000P\000a\000y\000l\000o\000a\000d}{subsection.3.8.1}% 50
\BOOKMARK [3][-]{subsubsection.3.8.1.2}{\376\377\0003\000.\0008\000.\0001\000.\0002\000\040\000T\000l\000m\000H\000e\000a\000d\000e\000r}{subsection.3.8.1}% 51
\BOOKMARK [0][-]{chapter.4}{\376\377\0004\000\040\000F\000i\000l\000e\000\040\000D\000o\000c\000u\000m\000e\000n\000t\000a\000t\000i\000o\000n}{}% 52
\BOOKMARK [1][-]{section.4.1}{\376\377\0004\000.\0001\000\040\000/\000h\000o\000m\000e\000/\000s\000t\000e\000p\000h\000e\000n\000/\000c\000f\000s\000/\000a\000p\000p\000s\000/\000c\000s\000p\000\137\000a\000p\000p\000/\000f\000s\000w\000/\000m\000i\000s\000s\000i\000o\000n\000\137\000i\000n\000c\000/\000c\000s\000p\000\137\000a\000p\000p\000\137\000p\000e\000r\000f\000i\000d\000s\000.\000h\000\040\000F\000i\000l\000e\000\040\000R\000e\000f\000e\000r\000e\000n\000c\000e}{chapter.4}% 53
\BOOKMARK [2][-]{subsection.4.1.1}{\376\377\0004\000.\0001\000.\0001\000\040\000D\000e\000t\000a\000i\000l\000e\000d\000\040\000D\000e\000s\000c\000r\000i\000p\000t\000i\000o\000n}{section.4.1}% 54
\BOOKMARK [2][-]{subsection.4.1.2}{\376\377\0004\000.\0001\000.\0002\000\040\000M\000a\000c\000r\000o\000\040\000D\000e\000f\000i\000n\000i\000t\000i\000o\000n\000\040\000D\000o\000c\000u\000m\000e\000n\000t\000a\000t\000i\000o\000n}{section.4.1}% 55
\BOOKMARK [3][-]{subsubsection.4.1.2.1}{\376\377\0004\000.\0001\000.\0002\000.\0001\000\040\000C\000S\000P\000\137\000A\000P\000P\000\137\000P\000E\000R\000F\000\137\000I\000D}{subsection.4.1.2}% 56
\BOOKMARK [1][-]{section.4.2}{\376\377\0004\000.\0002\000\040\000/\000h\000o\000m\000e\000/\000s\000t\000e\000p\000h\000e\000n\000/\000c\000f\000s\000/\000a\000p\000p\000s\000/\000c\000s\000p\000\137\000a\000p\000p\000/\000f\000s\000w\000/\000p\000l\000a\000t\000f\000o\000r\000m\000\137\000i\000n\000c\000/\000c\000s\000p\000\137\000a\000p\000p\000\137\000m\000s\000g\000i\000d\000s\000.\000h\000\040\000F\000i\000l\000e\000\040\000R\000e\000f\000e\000r\000e\000n\000c\000e}{chapter.4}% 57
\BOOKMARK [2][-]{subsection.4.2.1}{\376\377\0004\000.\0002\000.\0001\000\040\000D\000e\000t\000a\000i\000l\000e\000d\000\040\000D\000e\000s\000c\000r\000i\000p\000t\000i\000o\000n}{section.4.2}% 58
\BOOKMARK [2][-]{subsection.4.2.2}{\376\377\0004\000.\0002\000.\0002\000\040\000M\000a\000c\000r\000o\000\040\000D\000e\000f\000i\000n\000i\000t\000i\000o\000n\000\040\000D\000o\000c\000u\000m\000e\000n\000t\000a\000t\000i\000o\000n}{section.4.2}% 59
\BOOKMARK [3][-]{subsubsection.4.2.2.1}{\376\377\0004\000.\0002\000.\0002\000.\0001\000\040\000C\000S\000P\000\137\000A\000P\000P\000\137\000C\000M\000D\000\137\000M\000I\000D}{subsection.4.2.2}% 60
\BOOKMARK [3][-]{subsubsection.4.2.2.2}{\376\377\0004\000.\0002\000.\0002\000.\0002\000\040\000C\000S\000P\000\137\000A\000P\000P\000\137\000H\000K\000\137\000T\000L\000M\000\137\000M\000I\000D}{subsection.4.2.2}% 61
\BOOKMARK [3][-]{subsubsection.4.2.2.3}{\376\377\0004\000.\0002\000.\0002\000.\0003\000\040\000C\000S\000P\000\137\000A\000P\000P\000\137\000S\000E\000N\000D\000\137\000H\000K\000\137\000M\000I\000D}{subsection.4.2.2}% 62
\BOOKMARK [1][-]{section.4.3}{\376\377\0004\000.\0003\000\040\000/\000h\000o\000m\000e\000/\000s\000t\000e\000p\000h\000e\000n\000/\000c\000f\000s\000/\000a\000p\000p\000s\000/\000c\000s\000p\000\137\000a\000p\000p\000/\000f\000s\000w\000/\000s\000r\000c\000/\000c\000s\000p\000\137\000a\000p\000p\000.\000c\000\040\000F\000i\000l\000e\000\040\000R\000e\000f\000e\000r\000e\000n\000c\000e}{chapter.4}% 63
\BOOKMARK [2][-]{subsection.4.3.1}{\376\377\0004\000.\0003\000.\0001\000\040\000D\000e\000t\000a\000i\000l\000e\000d\000\040\000D\000e\000s\000c\000r\000i\000p\000t\000i\000o\000n}{section.4.3}% 64
\BOOKMARK [2][-]{subsection.4.3.2}{\376\377\0004\000.\0003\000.\0002\000\040\000F\000u\000n\000c\000t\000i\000o\000n\000\040\000D\000o\000c\000u\000m\000e\000n\000t\000a\000t\000i\000o\000n}{section.4.3}% 65
\BOOKMARK [3][-]{subsubsection.4.3.2.1}{\376\377\0004\000.\0003\000.\0002\000.\0001\000\040\000C\000S\000P\000\137\000A\000p\000p\000I\000n\000i\000t\000\050\000\051}{subsection.4.3.2}% 66
\BOOKMARK [3][-]{subsubsection.4.3.2.2}{\376\377\0004\000.\0003\000.\0002\000.\0002\000\040\000C\000S\000P\000\137\000A\000p\000p\000M\000a\000i\000n\000\050\000\051}{subsection.4.3.2}% 67
\BOOKMARK [3][-]{subsubsection.4.3.2.3}{\376\377\0004\000.\0003\000.\0002\000.\0003\000\040\000C\000S\000P\000\137\000C\000l\000i\000e\000n\000t\000T\000a\000s\000k\000\050\000\051}{subsection.4.3.2}% 68
\BOOKMARK [3][-]{subsubsection.4.3.2.4}{\376\377\0004\000.\0003\000.\0002\000.\0004\000\040\000C\000S\000P\000\137\000N\000o\000o\000p\000\050\000\051}{subsection.4.3.2}% 69
\BOOKMARK [3][-]{subsubsection.4.3.2.5}{\376\377\0004\000.\0003\000.\0002\000.\0005\000\040\000C\000S\000P\000\137\000P\000r\000o\000c\000e\000s\000s\000C\000o\000m\000m\000a\000n\000d\000P\000a\000c\000k\000e\000t\000\050\000\051}{subsection.4.3.2}% 70
\BOOKMARK [3][-]{subsubsection.4.3.2.6}{\376\377\0004\000.\0003\000.\0002\000.\0006\000\040\000C\000S\000P\000\137\000P\000r\000o\000c\000e\000s\000s\000G\000r\000o\000u\000n\000d\000C\000o\000m\000m\000a\000n\000d\000\050\000\051}{subsection.4.3.2}% 71
\BOOKMARK [3][-]{subsubsection.4.3.2.7}{\376\377\0004\000.\0003\000.\0002\000.\0007\000\040\000C\000S\000P\000\137\000R\000e\000p\000o\000r\000t\000H\000o\000u\000s\000e\000k\000e\000e\000p\000i\000n\000g\000\050\000\051}{subsection.4.3.2}% 72
\BOOKMARK [3][-]{subsubsection.4.3.2.8}{\376\377\0004\000.\0003\000.\0002\000.\0008\000\040\000C\000S\000P\000\137\000R\000e\000s\000e\000t\000C\000o\000u\000n\000t\000e\000r\000s\000\050\000\051}{subsection.4.3.2}% 73
\BOOKMARK [3][-]{subsubsection.4.3.2.9}{\376\377\0004\000.\0003\000.\0002\000.\0009\000\040\000C\000S\000P\000\137\000R\000o\000u\000t\000e\000r\000T\000a\000s\000k\000\050\000\051}{subsection.4.3.2}% 74
\BOOKMARK [3][-]{subsubsection.4.3.2.10}{\376\377\0004\000.\0003\000.\0002\000.\0001\0000\000\040\000C\000S\000P\000\137\000S\000e\000r\000v\000e\000r\000T\000a\000s\000k\000\050\000\051}{subsection.4.3.2}% 75
\BOOKMARK [3][-]{subsubsection.4.3.2.11}{\376\377\0004\000.\0003\000.\0002\000.\0001\0001\000\040\000C\000S\000P\000\137\000V\000e\000r\000i\000f\000y\000C\000m\000d\000L\000e\000n\000g\000t\000h\000\050\000\051}{subsection.4.3.2}% 76
\BOOKMARK [1][-]{section.4.4}{\376\377\0004\000.\0004\000\040\000/\000h\000o\000m\000e\000/\000s\000t\000e\000p\000h\000e\000n\000/\000c\000f\000s\000/\000a\000p\000p\000s\000/\000c\000s\000p\000\137\000a\000p\000p\000/\000f\000s\000w\000/\000s\000r\000c\000/\000c\000s\000p\000\137\000a\000p\000p\000.\000h\000\040\000F\000i\000l\000e\000\040\000R\000e\000f\000e\000r\000e\000n\000c\000e}{chapter.4}% 77
\BOOKMARK [2][-]{subsection.4.4.1}{\376\377\0004\000.\0004\000.\0001\000\040\000D\000e\000t\000a\000i\000l\000e\000d\000\040\000D\000e\000s\000c\000r\000i\000p\000t\000i\000o\000n}{section.4.4}% 78
\BOOKMARK [2][-]{subsection.4.4.2}{\376\377\0004\000.\0004\000.\0002\000\040\000M\000a\000c\000r\000o\000\040\000D\000e\000f\000i\000n\000i\000t\000i\000o\000n\000\040\000D\000o\000c\000u\000m\000e\000n\000t\000a\000t\000i\000o\000n}{section.4.4}% 79
\BOOKMARK [3][-]{subsubsection.4.4.2.1}{\376\377\0004\000.\0004\000.\0002\000.\0001\000\040\000C\000S\000P\000\137\000C\000M\000D\000\137\000P\000I\000P\000E\000\137\000D\000E\000P\000T\000H}{subsection.4.4.2}% 80
\BOOKMARK [3][-]{subsubsection.4.4.2.2}{\376\377\0004\000.\0004\000.\0002\000.\0002\000\040\000C\000S\000P\000\137\000D\000A\000M\000\137\000N\000O\000D\000E}{subsection.4.4.2}% 81
\BOOKMARK [3][-]{subsubsection.4.4.2.3}{\376\377\0004\000.\0004\000.\0002\000.\0003\000\040\000C\000S\000P\000\137\000O\000B\000C\000\137\000N\000O\000D\000E}{subsection.4.4.2}% 82
\BOOKMARK [3][-]{subsubsection.4.4.2.4}{\376\377\0004\000.\0004\000.\0002\000.\0004\000\040\000C\000S\000P\000\137\000P\000D\000M\000\137\000N\000O\000D\000E}{subsection.4.4.2}% 83
\BOOKMARK [3][-]{subsubsection.4.4.2.5}{\376\377\0004\000.\0004\000.\0002\000.\0005\000\040\000C\000S\000P\000\137\000R\000A\000D\000\137\000N\000O\000D\000E}{subsection.4.4.2}% 84
\BOOKMARK [3][-]{subsubsection.4.4.2.6}{\376\377\0004\000.\0004\000.\0002\000.\0006\000\040\000C\000S\000P\000\137\000S\000O\000B\000C\000\137\000N\000O\000D\000E}{subsection.4.4.2}% 85
\BOOKMARK [3][-]{subsubsection.4.4.2.7}{\376\377\0004\000.\0004\000.\0002\000.\0007\000\040\000C\000S\000P\000\137\000T\000L\000M\000\137\000P\000I\000P\000E\000\137\000D\000E\000P\000T\000H}{subsection.4.4.2}% 86
\BOOKMARK [2][-]{subsection.4.4.3}{\376\377\0004\000.\0004\000.\0003\000\040\000F\000u\000n\000c\000t\000i\000o\000n\000\040\000D\000o\000c\000u\000m\000e\000n\000t\000a\000t\000i\000o\000n}{section.4.4}% 87
\BOOKMARK [3][-]{subsubsection.4.4.3.1}{\376\377\0004\000.\0004\000.\0003\000.\0001\000\040\000C\000S\000P\000\137\000A\000p\000p\000I\000n\000i\000t\000\050\000\051}{subsection.4.4.3}% 88
\BOOKMARK [3][-]{subsubsection.4.4.3.2}{\376\377\0004\000.\0004\000.\0003\000.\0002\000\040\000C\000S\000P\000\137\000A\000p\000p\000M\000a\000i\000n\000\050\000\051}{subsection.4.4.3}% 89
\BOOKMARK [3][-]{subsubsection.4.4.3.3}{\376\377\0004\000.\0004\000.\0003\000.\0003\000\040\000C\000S\000P\000\137\000N\000o\000o\000p\000\050\000\051}{subsection.4.4.3}% 90
\BOOKMARK [3][-]{subsubsection.4.4.3.4}{\376\377\0004\000.\0004\000.\0003\000.\0004\000\040\000C\000S\000P\000\137\000P\000r\000o\000c\000e\000s\000s\000C\000o\000m\000m\000a\000n\000d\000P\000a\000c\000k\000e\000t\000\050\000\051}{subsection.4.4.3}% 91
\BOOKMARK [3][-]{subsubsection.4.4.3.5}{\376\377\0004\000.\0004\000.\0003\000.\0005\000\040\000C\000S\000P\000\137\000P\000r\000o\000c\000e\000s\000s\000G\000r\000o\000u\000n\000d\000C\000o\000m\000m\000a\000n\000d\000\050\000\051}{subsection.4.4.3}% 92
\BOOKMARK [3][-]{subsubsection.4.4.3.6}{\376\377\0004\000.\0004\000.\0003\000.\0006\000\040\000C\000S\000P\000\137\000R\000e\000p\000o\000r\000t\000H\000o\000u\000s\000e\000k\000e\000e\000p\000i\000n\000g\000\050\000\051}{subsection.4.4.3}% 93
\BOOKMARK [3][-]{subsubsection.4.4.3.7}{\376\377\0004\000.\0004\000.\0003\000.\0007\000\040\000C\000S\000P\000\137\000R\000e\000s\000e\000t\000C\000o\000u\000n\000t\000e\000r\000s\000\050\000\051}{subsection.4.4.3}% 94
\BOOKMARK [3][-]{subsubsection.4.4.3.8}{\376\377\0004\000.\0004\000.\0003\000.\0008\000\040\000C\000S\000P\000\137\000V\000e\000r\000i\000f\000y\000C\000m\000d\000L\000e\000n\000g\000t\000h\000\050\000\051}{subsection.4.4.3}% 95
\BOOKMARK [2][-]{subsection.4.4.4}{\376\377\0004\000.\0004\000.\0004\000\040\000V\000a\000r\000i\000a\000b\000l\000e\000\040\000D\000o\000c\000u\000m\000e\000n\000t\000a\000t\000i\000o\000n}{section.4.4}% 96
\BOOKMARK [3][-]{subsubsection.4.4.4.1}{\376\377\0004\000.\0004\000.\0004\000.\0001\000\040\000C\000S\000P\000\137\000A\000p\000p\000\137\000S\000u\000b\000T\000b\000l}{subsection.4.4.4}% 97
\BOOKMARK [3][-]{subsubsection.4.4.4.2}{\376\377\0004\000.\0004\000.\0004\000.\0002\000\040\000C\000S\000P\000\137\000A\000p\000p\000\137\000S\000u\000b\000T\000b\000l\000H\000a\000n\000d\000l\000e}{subsection.4.4.4}% 98
\BOOKMARK [3][-]{subsubsection.4.4.4.3}{\376\377\0004\000.\0004\000.\0004\000.\0003\000\040\000C\000S\000P\000\137\000A\000p\000p\000D\000a\000t\000a}{subsection.4.4.4}% 99
\BOOKMARK [1][-]{section.4.5}{\376\377\0004\000.\0005\000\040\000/\000h\000o\000m\000e\000/\000s\000t\000e\000p\000h\000e\000n\000/\000c\000f\000s\000/\000a\000p\000p\000s\000/\000c\000s\000p\000\137\000a\000p\000p\000/\000f\000s\000w\000/\000s\000r\000c\000/\000c\000s\000p\000\137\000a\000p\000p\000\137\000e\000v\000e\000n\000t\000s\000.\000h\000\040\000F\000i\000l\000e\000\040\000R\000e\000f\000e\000r\000e\000n\000c\000e}{chapter.4}% 100
\BOOKMARK [2][-]{subsection.4.5.1}{\376\377\0004\000.\0005\000.\0001\000\040\000D\000e\000t\000a\000i\000l\000e\000d\000\040\000D\000e\000s\000c\000r\000i\000p\000t\000i\000o\000n}{section.4.5}% 101
\BOOKMARK [2][-]{subsection.4.5.2}{\376\377\0004\000.\0005\000.\0002\000\040\000M\000a\000c\000r\000o\000\040\000D\000e\000f\000i\000n\000i\000t\000i\000o\000n\000\040\000D\000o\000c\000u\000m\000e\000n\000t\000a\000t\000i\000o\000n}{section.4.5}% 102
\BOOKMARK [3][-]{subsubsection.4.5.2.1}{\376\377\0004\000.\0005\000.\0002\000.\0001\000\040\000C\000S\000P\000\137\000B\000I\000N\000D\000\137\000E\000R\000R\000\137\000E\000I\000D}{subsection.4.5.2}% 103
\BOOKMARK [3][-]{subsubsection.4.5.2.2}{\376\377\0004\000.\0005\000.\0002\000.\0002\000\040\000C\000S\000P\000\137\000B\000U\000F\000F\000E\000R\000G\000E\000T\000\137\000E\000R\000R\000\137\000E\000I\000D}{subsection.4.5.2}% 104
\BOOKMARK [3][-]{subsubsection.4.5.2.3}{\376\377\0004\000.\0005\000.\0002\000.\0003\000\040\000C\000S\000P\000\137\000C\000O\000M\000M\000A\000N\000D\000\137\000E\000R\000R\000\137\000E\000I\000D}{subsection.4.5.2}% 105
\BOOKMARK [3][-]{subsubsection.4.5.2.4}{\376\377\0004\000.\0005\000.\0002\000.\0004\000\040\000C\000S\000P\000\137\000C\000O\000M\000M\000A\000N\000D\000N\000O\000P\000\137\000I\000N\000F\000\137\000E\000I\000D}{subsection.4.5.2}% 106
\BOOKMARK [3][-]{subsubsection.4.5.2.5}{\376\377\0004\000.\0005\000.\0002\000.\0005\000\040\000C\000S\000P\000\137\000C\000O\000M\000M\000A\000N\000D\000R\000S\000T\000\137\000I\000N\000F\000\137\000E\000I\000D}{subsection.4.5.2}% 107
\BOOKMARK [3][-]{subsubsection.4.5.2.6}{\376\377\0004\000.\0005\000.\0002\000.\0006\000\040\000C\000S\000P\000\137\000E\000V\000E\000N\000T\000\137\000C\000O\000U\000N\000T\000S}{subsection.4.5.2}% 108
\BOOKMARK [3][-]{subsubsection.4.5.2.7}{\376\377\0004\000.\0005\000.\0002\000.\0007\000\040\000C\000S\000P\000\137\000I\000N\000V\000A\000L\000I\000D\000\137\000M\000S\000G\000I\000D\000\137\000E\000R\000R\000\137\000E\000I\000D}{subsection.4.5.2}% 109
\BOOKMARK [3][-]{subsubsection.4.5.2.8}{\376\377\0004\000.\0005\000.\0002\000.\0008\000\040\000C\000S\000P\000\137\000L\000E\000N\000\137\000E\000R\000R\000\137\000E\000I\000D}{subsection.4.5.2}% 110
\BOOKMARK [3][-]{subsubsection.4.5.2.9}{\376\377\0004\000.\0005\000.\0002\000.\0009\000\040\000C\000S\000P\000\137\000P\000I\000P\000E\000\137\000E\000R\000R\000\137\000E\000I\000D}{subsection.4.5.2}% 111
\BOOKMARK [3][-]{subsubsection.4.5.2.10}{\376\377\0004\000.\0005\000.\0002\000.\0001\0000\000\040\000C\000S\000P\000\137\000R\000E\000C\000V\000F\000R\000O\000M\000\137\000E\000R\000R\000\137\000E\000I\000D}{subsection.4.5.2}% 112
\BOOKMARK [3][-]{subsubsection.4.5.2.11}{\376\377\0004\000.\0005\000.\0002\000.\0001\0001\000\040\000C\000S\000P\000\137\000R\000E\000G\000I\000S\000T\000E\000R\000C\000H\000I\000L\000D\000\137\000E\000R\000R\000\137\000E\000I\000D}{subsection.4.5.2}% 113
\BOOKMARK [3][-]{subsubsection.4.5.2.12}{\376\377\0004\000.\0005\000.\0002\000.\0001\0002\000\040\000C\000S\000P\000\137\000R\000E\000S\000E\000R\000V\000E\000D\000\137\000E\000I\000D}{subsection.4.5.2}% 114
\BOOKMARK [3][-]{subsubsection.4.5.2.13}{\376\377\0004\000.\0005\000.\0002\000.\0001\0003\000\040\000C\000S\000P\000\137\000S\000E\000N\000D\000T\000O\000\137\000E\000R\000R\000\137\000E\000I\000D}{subsection.4.5.2}% 115
\BOOKMARK [3][-]{subsubsection.4.5.2.14}{\376\377\0004\000.\0005\000.\0002\000.\0001\0004\000\040\000C\000S\000P\000\137\000S\000O\000C\000K\000E\000T\000\137\000E\000R\000R\000\137\000E\000I\000D}{subsection.4.5.2}% 116
\BOOKMARK [3][-]{subsubsection.4.5.2.15}{\376\377\0004\000.\0005\000.\0002\000.\0001\0005\000\040\000C\000S\000P\000\137\000S\000T\000A\000R\000T\000U\000P\000\137\000I\000N\000F\000\137\000E\000I\000D}{subsection.4.5.2}% 117
\BOOKMARK [3][-]{subsubsection.4.5.2.16}{\376\377\0004\000.\0005\000.\0002\000.\0001\0006\000\040\000C\000S\000P\000\137\000T\000B\000L\000\137\000E\000R\000R\000\137\000E\000I\000D}{subsection.4.5.2}% 118
\BOOKMARK [1][-]{section.4.6}{\376\377\0004\000.\0006\000\040\000/\000h\000o\000m\000e\000/\000s\000t\000e\000p\000h\000e\000n\000/\000c\000f\000s\000/\000a\000p\000p\000s\000/\000c\000s\000p\000\137\000a\000p\000p\000/\000f\000s\000w\000/\000s\000r\000c\000/\000c\000s\000p\000\137\000a\000p\000p\000\137\000m\000s\000g\000.\000h\000\040\000F\000i\000l\000e\000\040\000R\000e\000f\000e\000r\000e\000n\000c\000e}{chapter.4}% 119
\BOOKMARK [2][-]{subsection.4.6.1}{\376\377\0004\000.\0006\000.\0001\000\040\000D\000e\000t\000a\000i\000l\000e\000d\000\040\000D\000e\000s\000c\000r\000i\000p\000t\000i\000o\000n}{section.4.6}% 120
\BOOKMARK [2][-]{subsection.4.6.2}{\376\377\0004\000.\0006\000.\0002\000\040\000M\000a\000c\000r\000o\000\040\000D\000e\000f\000i\000n\000i\000t\000i\000o\000n\000\040\000D\000o\000c\000u\000m\000e\000n\000t\000a\000t\000i\000o\000n}{section.4.6}% 121
\BOOKMARK [3][-]{subsubsection.4.6.2.1}{\376\377\0004\000.\0006\000.\0002\000.\0001\000\040\000C\000S\000P\000\137\000A\000P\000P\000\137\000N\000O\000O\000P\000\137\000C\000C}{subsection.4.6.2}% 122
\BOOKMARK [3][-]{subsubsection.4.6.2.2}{\376\377\0004\000.\0006\000.\0002\000.\0002\000\040\000C\000S\000P\000\137\000A\000P\000P\000\137\000R\000E\000S\000E\000T\000\137\000C\000O\000U\000N\000T\000E\000R\000S\000\137\000C\000C}{subsection.4.6.2}% 123
\BOOKMARK [2][-]{subsection.4.6.3}{\376\377\0004\000.\0006\000.\0003\000\040\000T\000y\000p\000e\000d\000e\000f\000\040\000D\000o\000c\000u\000m\000e\000n\000t\000a\000t\000i\000o\000n}{section.4.6}% 124
\BOOKMARK [3][-]{subsubsection.4.6.3.1}{\376\377\0004\000.\0006\000.\0003\000.\0001\000\040\000C\000S\000P\000\137\000N\000o\000o\000p\000\137\000t}{subsection.4.6.3}% 125
\BOOKMARK [3][-]{subsubsection.4.6.3.2}{\376\377\0004\000.\0006\000.\0003\000.\0002\000\040\000C\000S\000P\000\137\000R\000e\000s\000e\000t\000C\000o\000u\000n\000t\000e\000r\000s\000\137\000t}{subsection.4.6.3}% 126
\BOOKMARK [1][-]{section.4.7}{\376\377\0004\000.\0007\000\040\000/\000h\000o\000m\000e\000/\000s\000t\000e\000p\000h\000e\000n\000/\000c\000f\000s\000/\000a\000p\000p\000s\000/\000c\000s\000p\000\137\000a\000p\000p\000/\000f\000s\000w\000/\000s\000r\000c\000/\000c\000s\000p\000\137\000a\000p\000p\000\137\000t\000b\000l\000d\000e\000f\000s\000.\000h\000\040\000F\000i\000l\000e\000\040\000R\000e\000f\000e\000r\000e\000n\000c\000e}{chapter.4}% 127
\BOOKMARK [2][-]{subsection.4.7.1}{\376\377\0004\000.\0007\000.\0001\000\040\000D\000e\000t\000a\000i\000l\000e\000d\000\040\000D\000e\000s\000c\000r\000i\000p\000t\000i\000o\000n}{section.4.7}% 128
\BOOKMARK [1][-]{section.4.8}{\376\377\0004\000.\0008\000\040\000/\000h\000o\000m\000e\000/\000s\000t\000e\000p\000h\000e\000n\000/\000c\000f\000s\000/\000a\000p\000p\000s\000/\000c\000s\000p\000\137\000a\000p\000p\000/\000f\000s\000w\000/\000s\000r\000c\000/\000c\000s\000p\000\137\000a\000p\000p\000\137\000t\000o\000\137\000t\000a\000s\000k\000.\000c\000\040\000F\000i\000l\000e\000\040\000R\000e\000f\000e\000r\000e\000n\000c\000e}{chapter.4}% 129
\BOOKMARK [2][-]{subsection.4.8.1}{\376\377\0004\000.\0008\000.\0001\000\040\000D\000e\000t\000a\000i\000l\000e\000d\000\040\000D\000e\000s\000c\000r\000i\000p\000t\000i\000o\000n}{section.4.8}% 130
\BOOKMARK [2][-]{subsection.4.8.2}{\376\377\0004\000.\0008\000.\0002\000\040\000F\000u\000n\000c\000t\000i\000o\000n\000\040\000D\000o\000c\000u\000m\000e\000n\000t\000a\000t\000i\000o\000n}{section.4.8}% 131
\BOOKMARK [3][-]{subsubsection.4.8.2.1}{\376\377\0004\000.\0008\000.\0002\000.\0001\000\040\000C\000S\000P\000\137\000T\000O\000\137\000T\000a\000s\000k\000\050\000\051}{subsection.4.8.2}% 132
\BOOKMARK [1][-]{section.4.9}{\376\377\0004\000.\0009\000\040\000/\000h\000o\000m\000e\000/\000s\000t\000e\000p\000h\000e\000n\000/\000c\000f\000s\000/\000a\000p\000p\000s\000/\000c\000s\000p\000\137\000a\000p\000p\000/\000f\000s\000w\000/\000s\000r\000c\000/\000c\000s\000p\000\137\000a\000p\000p\000\137\000t\000o\000\137\000t\000a\000s\000k\000.\000h\000\040\000F\000i\000l\000e\000\040\000R\000e\000f\000e\000r\000e\000n\000c\000e}{chapter.4}% 133
\BOOKMARK [2][-]{subsection.4.9.1}{\376\377\0004\000.\0009\000.\0001\000\040\000D\000e\000t\000a\000i\000l\000e\000d\000\040\000D\000e\000s\000c\000r\000i\000p\000t\000i\000o\000n}{section.4.9}% 134
\BOOKMARK [2][-]{subsection.4.9.2}{\376\377\0004\000.\0009\000.\0002\000\040\000F\000u\000n\000c\000t\000i\000o\000n\000\040\000D\000o\000c\000u\000m\000e\000n\000t\000a\000t\000i\000o\000n}{section.4.9}% 135
\BOOKMARK [3][-]{subsubsection.4.9.2.1}{\376\377\0004\000.\0009\000.\0002\000.\0001\000\040\000C\000S\000P\000\137\000T\000O\000\137\000T\000a\000s\000k\000\050\000\051}{subsection.4.9.2}% 136
\BOOKMARK [1][-]{section.4.10}{\376\377\0004\000.\0001\0000\000\040\000/\000h\000o\000m\000e\000/\000s\000t\000e\000p\000h\000e\000n\000/\000c\000f\000s\000/\000a\000p\000p\000s\000/\000c\000s\000p\000\137\000a\000p\000p\000/\000f\000s\000w\000/\000s\000r\000c\000/\000c\000s\000p\000\137\000a\000p\000p\000\137\000v\000e\000r\000s\000i\000o\000n\000.\000h\000\040\000F\000i\000l\000e\000\040\000R\000e\000f\000e\000r\000e\000n\000c\000e}{chapter.4}% 137
\BOOKMARK [2][-]{subsection.4.10.1}{\376\377\0004\000.\0001\0000\000.\0001\000\040\000D\000e\000t\000a\000i\000l\000e\000d\000\040\000D\000e\000s\000c\000r\000i\000p\000t\000i\000o\000n}{section.4.10}% 138
\BOOKMARK [2][-]{subsection.4.10.2}{\376\377\0004\000.\0001\0000\000.\0002\000\040\000M\000a\000c\000r\000o\000\040\000D\000e\000f\000i\000n\000i\000t\000i\000o\000n\000\040\000D\000o\000c\000u\000m\000e\000n\000t\000a\000t\000i\000o\000n}{section.4.10}% 139
\BOOKMARK [3][-]{subsubsection.4.10.2.1}{\376\377\0004\000.\0001\0000\000.\0002\000.\0001\000\040\000C\000S\000P\000\137\000A\000P\000P\000\137\000M\000A\000J\000O\000R\000\137\000V\000E\000R\000S\000I\000O\000N}{subsection.4.10.2}% 140
\BOOKMARK [3][-]{subsubsection.4.10.2.2}{\376\377\0004\000.\0001\0000\000.\0002\000.\0002\000\040\000C\000S\000P\000\137\000A\000P\000P\000\137\000M\000I\000N\000O\000R\000\137\000V\000E\000R\000S\000I\000O\000N}{subsection.4.10.2}% 141
\BOOKMARK [3][-]{subsubsection.4.10.2.3}{\376\377\0004\000.\0001\0000\000.\0002\000.\0003\000\040\000C\000S\000P\000\137\000A\000P\000P\000\137\000M\000I\000S\000S\000I\000O\000N\000\137\000R\000E\000V}{subsection.4.10.2}% 142
\BOOKMARK [3][-]{subsubsection.4.10.2.4}{\376\377\0004\000.\0001\0000\000.\0002\000.\0004\000\040\000C\000S\000P\000\137\000A\000P\000P\000\137\000R\000E\000V\000I\000S\000I\000O\000N}{subsection.4.10.2}% 143
\BOOKMARK [1][-]{section.4.11}{\376\377\0004\000.\0001\0001\000\040\000/\000h\000o\000m\000e\000/\000s\000t\000e\000p\000h\000e\000n\000/\000c\000f\000s\000/\000a\000p\000p\000s\000/\000c\000s\000p\000\137\000a\000p\000p\000/\000f\000s\000w\000/\000t\000a\000b\000l\000e\000s\000/\000c\000s\000p\000\137\000a\000p\000p\000\137\000s\000u\000b\000t\000b\000l\000.\000c\000\040\000F\000i\000l\000e\000\040\000R\000e\000f\000e\000r\000e\000n\000c\000e}{chapter.4}% 144
\BOOKMARK [2][-]{subsection.4.11.1}{\376\377\0004\000.\0001\0001\000.\0001\000\040\000D\000e\000t\000a\000i\000l\000e\000d\000\040\000D\000e\000s\000c\000r\000i\000p\000t\000i\000o\000n}{section.4.11}% 145
\BOOKMARK [2][-]{subsection.4.11.2}{\376\377\0004\000.\0001\0001\000.\0002\000\040\000V\000a\000r\000i\000a\000b\000l\000e\000\040\000D\000o\000c\000u\000m\000e\000n\000t\000a\000t\000i\000o\000n}{section.4.11}% 146
\BOOKMARK [3][-]{subsubsection.4.11.2.1}{\376\377\0004\000.\0001\0001\000.\0002\000.\0001\000\040\000C\000S\000P\000\137\000A\000p\000p\000\137\000S\000u\000b\000T\000b\000l}{subsection.4.11.2}% 147
\BOOKMARK [1][-]{section.4.12}{\376\377\0004\000.\0001\0002\000\040\000/\000h\000o\000m\000e\000/\000s\000t\000e\000p\000h\000e\000n\000/\000c\000f\000s\000/\000a\000p\000p\000s\000/\000c\000s\000p\000\137\000a\000p\000p\000/\000t\000e\000s\000t\000\137\000a\000n\000d\000\137\000g\000r\000o\000u\000n\000d\000/\000c\000s\000p\000\137\000a\000p\000p\000\137\000f\000w\000d\000g\000r\000n\000d\000.\000c\000\040\000F\000i\000l\000e\000\040\000R\000e\000f\000e\000r\000e\000n\000c\000e}{chapter.4}% 148
\BOOKMARK [2][-]{subsection.4.12.1}{\376\377\0004\000.\0001\0002\000.\0001\000\040\000D\000e\000t\000a\000i\000l\000e\000d\000\040\000D\000e\000s\000c\000r\000i\000p\000t\000i\000o\000n}{section.4.12}% 149
\BOOKMARK [2][-]{subsection.4.12.2}{\376\377\0004\000.\0001\0002\000.\0002\000\040\000F\000u\000n\000c\000t\000i\000o\000n\000\040\000D\000o\000c\000u\000m\000e\000n\000t\000a\000t\000i\000o\000n}{section.4.12}% 150
\BOOKMARK [3][-]{subsubsection.4.12.2.1}{\376\377\0004\000.\0001\0002\000.\0002\000.\0001\000\040\000C\000S\000P\000\137\000f\000w\000d\000f\000r\000o\000m\000\137\000g\000r\000o\000u\000n\000d\000\050\000\051}{subsection.4.12.2}% 151
\BOOKMARK [3][-]{subsubsection.4.12.2.2}{\376\377\0004\000.\0001\0002\000.\0002\000.\0002\000\040\000C\000S\000P\000\137\000f\000w\000d\000t\000o\000\137\000g\000r\000o\000u\000n\000d\000\050\000\051}{subsection.4.12.2}% 152
\BOOKMARK [1][-]{section.4.13}{\376\377\0004\000.\0001\0003\000\040\000/\000h\000o\000m\000e\000/\000s\000t\000e\000p\000h\000e\000n\000/\000c\000f\000s\000/\000a\000p\000p\000s\000/\000c\000s\000p\000\137\000a\000p\000p\000/\000t\000e\000s\000t\000\137\000a\000n\000d\000\137\000g\000r\000o\000u\000n\000d\000/\000c\000s\000p\000\137\000a\000p\000p\000\137\000f\000w\000d\000g\000r\000n\000d\000.\000h\000\040\000F\000i\000l\000e\000\040\000R\000e\000f\000e\000r\000e\000n\000c\000e}{chapter.4}% 153
\BOOKMARK [2][-]{subsection.4.13.1}{\376\377\0004\000.\0001\0003\000.\0001\000\040\000D\000e\000t\000a\000i\000l\000e\000d\000\040\000D\000e\000s\000c\000r\000i\000p\000t\000i\000o\000n}{section.4.13}% 154
\BOOKMARK [2][-]{subsection.4.13.2}{\376\377\0004\000.\0001\0003\000.\0002\000\040\000F\000u\000n\000c\000t\000i\000o\000n\000\040\000D\000o\000c\000u\000m\000e\000n\000t\000a\000t\000i\000o\000n}{section.4.13}% 155
\BOOKMARK [3][-]{subsubsection.4.13.2.1}{\376\377\0004\000.\0001\0003\000.\0002\000.\0001\000\040\000C\000S\000P\000\137\000f\000w\000d\000f\000r\000o\000m\000\137\000g\000r\000o\000u\000n\000d\000\050\000\051}{subsection.4.13.2}% 156
\BOOKMARK [3][-]{subsubsection.4.13.2.2}{\376\377\0004\000.\0001\0003\000.\0002\000.\0002\000\040\000C\000S\000P\000\137\000f\000w\000d\000t\000o\000\137\000g\000r\000o\000u\000n\000d\000\050\000\051}{subsection.4.13.2}% 157
\BOOKMARK [0][-]{section*.46}{\376\377\000I\000n\000d\000e\000x}{}% 158
